SF:lib/src/digital_id_platform_interface.dart
DA:7,3
DA:9,3
DA:11,0
DA:13,0
DA:15,1
DA:16,2
DA:52,0
DA:57,0
DA:59,0
DA:64,0
DA:66,0
DA:71,0
DA:72,0
LF:13
LH:4
end_of_record
SF:lib/src/models/claim_path.dart
DA:14,2
DA:17,1
DA:18,1
DA:19,0
DA:20,0
DA:21,0
DA:22,1
DA:23,0
DA:27,0
DA:28,0
DA:30,0
DA:33,0
DA:34,0
DA:35,0
DA:36,0
DA:38,0
DA:39,0
DA:42,3
DA:44,1
DA:45,1
DA:46,1
DA:47,3
DA:52,0
DA:54,0
DA:55,0
LF:25
LH:9
end_of_record
SF:lib/src/models/digital_id_credential.dart
DA:19,2
DA:150,0
DA:152,0
DA:156,4
DA:157,2
DA:158,2
DA:159,2
DA:160,4
DA:161,2
DA:162,2
DA:163,2
DA:164,2
DA:165,2
DA:166,2
DA:167,2
DA:168,2
DA:169,2
DA:170,2
DA:171,2
DA:172,2
DA:173,2
DA:174,2
DA:175,2
DA:176,2
DA:177,2
DA:178,2
DA:179,2
DA:180,2
DA:181,2
DA:182,2
DA:183,2
DA:184,2
DA:185,2
DA:186,2
DA:187,2
DA:188,2
DA:189,3
DA:190,4
DA:191,2
DA:192,6
DA:193,2
DA:194,2
DA:195,2
DA:196,2
DA:197,2
DA:198,2
DA:199,2
DA:200,4
DA:201,2
DA:202,2
DA:203,2
DA:206,2
DA:207,2
DA:208,2
DA:210,2
DA:211,2
DA:212,2
DA:213,2
DA:214,2
DA:215,4
DA:217,2
DA:218,2
DA:219,2
DA:220,2
DA:221,2
DA:222,2
DA:223,2
DA:224,2
DA:225,2
DA:226,2
DA:227,2
DA:228,2
DA:229,2
DA:230,2
DA:231,2
DA:232,2
DA:233,2
DA:234,2
DA:235,2
DA:236,2
DA:237,2
DA:238,2
DA:239,2
DA:240,2
DA:241,2
DA:242,2
DA:243,2
DA:244,2
DA:245,2
DA:246,2
DA:248,2
DA:249,4
DA:251,2
DA:252,4
DA:253,2
DA:254,0
DA:256,2
DA:257,2
DA:258,2
DA:259,2
DA:260,2
DA:261,2
DA:262,4
DA:264,4
DA:265,2
DA:266,2
DA:267,6
DA:268,2
DA:269,2
DA:270,4
DA:275,6
DA:277,2
DA:278,4
LF:113
LH:110
end_of_record
SF:lib/src/models/digital_id_exception.dart
DA:5,1
DA:15,0
DA:16,0
DA:18,2
DA:19,2
DA:20,1
DA:21,1
DA:24,0
DA:25,0
DA:26,0
DA:27,0
DA:28,0
DA:30,0
DA:31,0
DA:35,3
DA:37,0
DA:38,0
LF:17
LH:6
end_of_record
SF:lib/src/models/digital_id_request_options.dart
DA:14,1
DA:51,0
DA:53,0
DA:56,2
DA:57,5
DA:58,5
DA:59,1
DA:60,1
DA:61,1
DA:62,1
DA:65,1
DA:66,1
DA:67,1
DA:68,4
DA:69,1
DA:70,1
DA:71,4
DA:72,1
DA:73,1
DA:74,1
DA:75,1
DA:76,1
DA:77,0
DA:82,3
DA:84,1
DA:85,2
LF:26
LH:23
end_of_record
